Determining if the Q_WS_WIN exist failed with the following output:
Change Dir: /home/pablo/Escritorio/ROBOTICA 2017-2018/ejemplo1/CMakeFiles/CMakeTmp

Run Build Command:/usr/bin/make "cmTryCompileExec2168550741/fast"
/usr/bin/make -f CMakeFiles/cmTryCompileExec2168550741.dir/build.make CMakeFiles/cmTryCompileExec2168550741.dir/build
make[1]: se ingresa al directorio «/home/pablo/Escritorio/ROBOTICA 2017-2018/ejemplo1/CMakeFiles/CMakeTmp»
/usr/bin/cmake -E cmake_progress_report "/home/pablo/Escritorio/ROBOTICA 2017-2018/ejemplo1/CMakeFiles/CMakeTmp/CMakeFiles" 1
Building CXX object CMakeFiles/cmTryCompileExec2168550741.dir/CheckSymbolExists.cxx.o
/usr/bin/c++    -I/usr/include/qt4    -o CMakeFiles/cmTryCompileExec2168550741.dir/CheckSymbolExists.cxx.o -c "/home/pablo/Escritorio/ROBOTICA 2017-2018/ejemplo1/CMakeFiles/CMakeTmp/CheckSymbolExists.cxx"
/home/pablo/Escritorio/ROBOTICA 2017-2018/ejemplo1/CMakeFiles/CMakeTmp/CheckSymbolExists.cxx: In function ‘int main(int, char**)’:
/home/pablo/Escritorio/ROBOTICA 2017-2018/ejemplo1/CMakeFiles/CMakeTmp/CheckSymbolExists.cxx:8:19: error: ‘Q_WS_WIN’ was not declared in this scope
   return ((int*)(&Q_WS_WIN))[argc];
                   ^
make[1]: *** [CMakeFiles/cmTryCompileExec2168550741.dir/CheckSymbolExists.cxx.o] Error 1
make[1]: se sale del directorio «/home/pablo/Escritorio/ROBOTICA 2017-2018/ejemplo1/CMakeFiles/CMakeTmp»
make: *** [cmTryCompileExec2168550741/fast] Error 2

File /home/pablo/Escritorio/ROBOTICA 2017-2018/ejemplo1/CMakeFiles/CMakeTmp/CheckSymbolExists.cxx:
/* */
#include <QtCore/qglobal.h>

int main(int argc, char** argv)
{
  (void)argv;
#ifndef Q_WS_WIN
  return ((int*)(&Q_WS_WIN))[argc];
#else
  (void)argc;
  return 0;
#endif
}

Determining if the Q_WS_QWS exist failed with the following output:
Change Dir: /home/pablo/Escritorio/ROBOTICA 2017-2018/ejemplo1/CMakeFiles/CMakeTmp

Run Build Command:/usr/bin/make "cmTryCompileExec2883422508/fast"
/usr/bin/make -f CMakeFiles/cmTryCompileExec2883422508.dir/build.make CMakeFiles/cmTryCompileExec2883422508.dir/build
make[1]: se ingresa al directorio «/home/pablo/Escritorio/ROBOTICA 2017-2018/ejemplo1/CMakeFiles/CMakeTmp»
/usr/bin/cmake -E cmake_progress_report "/home/pablo/Escritorio/ROBOTICA 2017-2018/ejemplo1/CMakeFiles/CMakeTmp/CMakeFiles" 1
Building CXX object CMakeFiles/cmTryCompileExec2883422508.dir/CheckSymbolExists.cxx.o
/usr/bin/c++    -I/usr/include/qt4    -o CMakeFiles/cmTryCompileExec2883422508.dir/CheckSymbolExists.cxx.o -c "/home/pablo/Escritorio/ROBOTICA 2017-2018/ejemplo1/CMakeFiles/CMakeTmp/CheckSymbolExists.cxx"
/home/pablo/Escritorio/ROBOTICA 2017-2018/ejemplo1/CMakeFiles/CMakeTmp/CheckSymbolExists.cxx: In function ‘int main(int, char**)’:
/home/pablo/Escritorio/ROBOTICA 2017-2018/ejemplo1/CMakeFiles/CMakeTmp/CheckSymbolExists.cxx:8:19: error: ‘Q_WS_QWS’ was not declared in this scope
   return ((int*)(&Q_WS_QWS))[argc];
                   ^
make[1]: se sale del directorio «/home/pablo/Escritorio/ROBOTICA 2017-2018/ejemplo1/CMakeFiles/CMakeTmp»
make[1]: *** [CMakeFiles/cmTryCompileExec2883422508.dir/CheckSymbolExists.cxx.o] Error 1
make: *** [cmTryCompileExec2883422508/fast] Error 2

File /home/pablo/Escritorio/ROBOTICA 2017-2018/ejemplo1/CMakeFiles/CMakeTmp/CheckSymbolExists.cxx:
/* */
#include <QtCore/qglobal.h>

int main(int argc, char** argv)
{
  (void)argv;
#ifndef Q_WS_QWS
  return ((int*)(&Q_WS_QWS))[argc];
#else
  (void)argc;
  return 0;
#endif
}

Determining if the Q_WS_MAC exist failed with the following output:
Change Dir: /home/pablo/Escritorio/ROBOTICA 2017-2018/ejemplo1/CMakeFiles/CMakeTmp

Run Build Command:/usr/bin/make "cmTryCompileExec1769504887/fast"
/usr/bin/make -f CMakeFiles/cmTryCompileExec1769504887.dir/build.make CMakeFiles/cmTryCompileExec1769504887.dir/build
make[1]: se ingresa al directorio «/home/pablo/Escritorio/ROBOTICA 2017-2018/ejemplo1/CMakeFiles/CMakeTmp»
/usr/bin/cmake -E cmake_progress_report "/home/pablo/Escritorio/ROBOTICA 2017-2018/ejemplo1/CMakeFiles/CMakeTmp/CMakeFiles" 1
Building CXX object CMakeFiles/cmTryCompileExec1769504887.dir/CheckSymbolExists.cxx.o
/usr/bin/c++    -I/usr/include/qt4    -o CMakeFiles/cmTryCompileExec1769504887.dir/CheckSymbolExists.cxx.o -c "/home/pablo/Escritorio/ROBOTICA 2017-2018/ejemplo1/CMakeFiles/CMakeTmp/CheckSymbolExists.cxx"
/home/pablo/Escritorio/ROBOTICA 2017-2018/ejemplo1/CMakeFiles/CMakeTmp/CheckSymbolExists.cxx: In function ‘int main(int, char**)’:
/home/pablo/Escritorio/ROBOTICA 2017-2018/ejemplo1/CMakeFiles/CMakeTmp/CheckSymbolExists.cxx:8:19: error: ‘Q_WS_MAC’ was not declared in this scope
   return ((int*)(&Q_WS_MAC))[argc];
                   ^
make[1]: *** [CMakeFiles/cmTryCompileExec1769504887.dir/CheckSymbolExists.cxx.o] Error 1
make[1]: se sale del directorio «/home/pablo/Escritorio/ROBOTICA 2017-2018/ejemplo1/CMakeFiles/CMakeTmp»
make: *** [cmTryCompileExec1769504887/fast] Error 2

File /home/pablo/Escritorio/ROBOTICA 2017-2018/ejemplo1/CMakeFiles/CMakeTmp/CheckSymbolExists.cxx:
/* */
#include <QtCore/qglobal.h>

int main(int argc, char** argv)
{
  (void)argv;
#ifndef Q_WS_MAC
  return ((int*)(&Q_WS_MAC))[argc];
#else
  (void)argc;
  return 0;
#endif
}

